<?xml version="1.0" encoding="UTF-8"?>
<testsuite name="edu.postech.csed332.homework1.GameTest" tests="6" skipped="0" failures="0" errors="0" timestamp="2023-09-18T15:54:55" hostname="5af38ebe837d" time="0.057">
  <properties/>
  <testcase name="testPlaceUnit()" classname="edu.postech.csed332.homework1.GameTest" time="0.041"/>
  <testcase name="testPlaceTwoUnits()" classname="edu.postech.csed332.homework1.GameTest" time="0.005"/>
  <testcase name="testGroundAttack()" classname="edu.postech.csed332.homework1.GameTest" time="0.001"/>
  <testcase name="testPlaceUnitInvalid()" classname="edu.postech.csed332.homework1.GameTest" time="0.005"/>
  <testcase name="testGetMonster()" classname="edu.postech.csed332.homework1.GameTest" time="0.0"/>
  <testcase name="testGameBoard()" classname="edu.postech.csed332.homework1.GameTest" time="0.0"/>
  <system-out><![CDATA[]]></system-out>
  <system-err><![CDATA[]]></system-err>
</testsuite>
